16:18:12.168 INFO  [background-preinit] o.h.validator.internal.util.Version - HV000001: Hibernate Validator 6.2.5.Final
16:18:12.178 INFO  [restartedMain] mes.MesApplication - Starting MesApplication using Java 19.0.1 on DESKTOP-DH7KK33 with PID 25196 (D:\IdeaProjects\sports\target\classes started by User in D:\IdeaProjects\sports)
16:18:12.178 INFO  [restartedMain] mes.MesApplication - The following 2 profiles are active: "sports", "ncp"
16:18:12.401 INFO  [restartedMain] o.s.b.d.restart.ChangeableUrls - The Class-Path manifest attribute in C:\Users\User\.m2\repository\com\oracle\database\jdbc\ojdbc11\23.4.0.24.05\ojdbc11-23.4.0.24.05.jar referenced one or more files that do not exist: file:/C:/Users/User/.m2/repository/com/oracle/database/jdbc/ojdbc11/23.4.0.24.05/oraclepki.jar
16:18:12.401 INFO  [restartedMain] o.s.b.d.restart.ChangeableUrls - The Class-Path manifest attribute in C:\Users\User\.m2\repository\org\glassfish\metro\webservices-rt\2.4.4\webservices-rt-2.4.4.jar referenced one or more files that do not exist: file:/C:/Users/User/.m2/repository/org/glassfish/metro/webservices-rt/2.4.4/webservices-api.jar,file:/C:/Users/User/.m2/repository/org/glassfish/metro/webservices-rt/2.4.4/webservices-extra.jar,file:/C:/Users/User/.m2/repository/org/glassfish/metro/webservices-rt/2.4.4/webservices-rt_l10n.jar,file:/C:/Users/User/.m2/repository/org/glassfish/metro/webservices-rt/2.4.4/webservices-rt_ja.jar,file:/C:/Users/User/.m2/repository/org/glassfish/metro/webservices-rt/2.4.4/webservices-rt_zh.jar,file:/C:/Users/User/.m2/repository/org/glassfish/metro/webservices-rt/2.4.4/webservices-rt_fr.jar,file:/C:/Users/User/.m2/repository/org/glassfish/metro/webservices-rt/2.4.4/webservices-rt_de.jar,file:/C:/Users/User/.m2/repository/org/glassfish/metro/webservices-rt/2.4.4/webservices-rt_es.jar,file:/C:/Users/User/.m2/repository/org/glassfish/metro/webservices-rt/2.4.4/webservices-rt_it.jar,file:/C:/Users/User/.m2/repository/org/glassfish/metro/webservices-rt/2.4.4/webservices-rt_sw.jar,file:/C:/Users/User/.m2/repository/org/glassfish/metro/webservices-rt/2.4.4/webservices-rt_ko.jar,file:/C:/Users/User/.m2/repository/org/glassfish/metro/webservices-rt/2.4.4/webservices-rt_zh_TW.jar
16:18:12.401 INFO  [restartedMain] o.s.b.d.restart.ChangeableUrls - The Class-Path manifest attribute in C:\Users\User\.m2\repository\org\glassfish\ha\ha-api\3.1.13\ha-api-3.1.13.jar referenced one or more files that do not exist: file:/C:/Users/User/.m2/repository/org/glassfish/ha/ha-api/3.1.13/hk2.jar,file:/C:/Users/User/.m2/repository/org/glassfish/ha/ha-api/3.1.13/hk2-core.jar,file:/C:/Users/User/.m2/repository/org/glassfish/ha/ha-api/3.1.13/class-model.jar,file:/C:/Users/User/.m2/repository/org/glassfish/ha/ha-api/3.1.13/config-api.jar,file:/C:/Users/User/.m2/repository/org/glassfish/ha/ha-api/3.1.13/tiger-types.jar,file:/C:/Users/User/.m2/repository/org/glassfish/ha/ha-api/3.1.13/bean-validator.jar,file:/C:/Users/User/.m2/repository/org/glassfish/ha/ha-api/3.1.13/jtype.jar,file:/C:/Users/User/.m2/repository/org/glassfish/ha/ha-api/3.1.13/auto-depends.jar,file:/C:/Users/User/.m2/repository/org/glassfish/ha/ha-api/3.1.13/jakarta.inject-api.jar,file:/C:/Users/User/.m2/repository/org/glassfish/ha/ha-api/3.1.13/asm-all-repackaged.jar,file:/C:/Users/User/.m2/repository/org/glassfish/ha/ha-api/3.1.13/hk2-api.jar,file:/C:/Users/User/.m2/repository/org/glassfish/ha/ha-api/3.1.13/osgi-resource-locator.jar
16:18:12.401 INFO  [restartedMain] o.s.b.d.e.DevToolsPropertyDefaultsPostProcessor - Devtools property defaults active! Set 'spring.devtools.add-properties' to 'false' to disable
16:18:12.401 INFO  [restartedMain] o.s.b.d.e.DevToolsPropertyDefaultsPostProcessor - For additional web related logging consider setting the 'logging.level.web' property to 'DEBUG'
16:18:16.608 INFO  [restartedMain] o.s.d.r.c.RepositoryConfigurationDelegate - Multiple Spring Data modules found, entering strict repository configuration mode
16:18:16.608 INFO  [restartedMain] o.s.d.r.c.RepositoryConfigurationDelegate - Bootstrapping Spring Data JPA repositories in DEFAULT mode.
16:18:16.849 INFO  [restartedMain] o.s.d.r.c.RepositoryConfigurationDelegate - Finished Spring Data repository scanning in 236 ms. Found 59 JPA repository interfaces.
16:18:18.008 INFO  [restartedMain] o.s.b.w.e.tomcat.TomcatWebServer - Tomcat initialized with port(s): 8021 (http)
16:18:18.014 INFO  [restartedMain] o.a.coyote.http11.Http11NioProtocol - Initializing ProtocolHandler ["http-nio-0.0.0.0-8021"]
16:18:18.016 INFO  [restartedMain] o.a.catalina.core.StandardService - Starting service [Tomcat]
16:18:18.016 INFO  [restartedMain] o.a.catalina.core.StandardEngine - Starting Servlet engine: [Apache Tomcat/9.0.83]
16:18:18.109 INFO  [restartedMain] o.a.c.c.C.[.[localhost].[/sports] - Initializing Spring embedded WebApplicationContext
16:18:18.110 INFO  [restartedMain] o.s.b.w.s.c.ServletWebServerApplicationContext - Root WebApplicationContext: initialization completed in 5708 ms
16:18:18.551 INFO  [restartedMain] o.h.jpa.internal.util.LogHelper - HHH000204: Processing PersistenceUnitInfo [name: default]
16:18:18.592 INFO  [restartedMain] org.hibernate.Version - HHH000412: Hibernate ORM core version 5.6.15.Final
16:18:18.713 INFO  [restartedMain] o.h.annotations.common.Version - HCANN000001: Hibernate Commons Annotations {5.1.2.Final}
16:18:19.009 INFO  [restartedMain] com.zaxxer.hikari.HikariDataSource - HikariPool-1 - Starting...
16:18:19.326 INFO  [restartedMain] com.zaxxer.hikari.HikariDataSource - HikariPool-1 - Start completed.
16:18:19.339 INFO  [restartedMain] org.hibernate.dialect.Dialect - HHH000400: Using dialect: org.hibernate.dialect.PostgreSQLDialect
16:18:19.825 WARN  [restartedMain] org.hibernate.mapping.RootClass - HHH000038: Composite-id class does not override equals(): mes.domain.entity.approval.TB_AA009_PK
16:18:19.825 WARN  [restartedMain] org.hibernate.mapping.RootClass - HHH000039: Composite-id class does not override hashCode(): mes.domain.entity.approval.TB_AA009_PK
16:18:20.720 INFO  [restartedMain] o.h.e.t.j.p.i.JtaPlatformInitiator - HHH000490: Using JtaPlatform implementation: [org.hibernate.engine.transaction.jta.platform.internal.NoJtaPlatform]
16:18:20.727 INFO  [restartedMain] o.s.o.j.LocalContainerEntityManagerFactoryBean - Initialized JPA EntityManagerFactory for persistence unit 'default'
16:18:21.584 INFO  [restartedMain] mes.config.TenantDataSourceManager - 테넌트 DB 연결 시도: key=TO, db_type=mssql, url=121.78.116.209:33000/S_KCF
16:18:21.587 INFO  [restartedMain] com.zaxxer.hikari.HikariDataSource - HikariPool-2 - Starting...
16:18:21.771 INFO  [restartedMain] com.zaxxer.hikari.HikariDataSource - HikariPool-2 - Start completed.
16:18:21.771 INFO  [restartedMain] mes.config.TenantDataSourceManager - 테넌트 DataSource 로드 완료: key=TO
16:18:21.771 INFO  [restartedMain] mes.config.TenantDataSourceManager - 테넌트 DB 연결 시도: key=UV, db_type=mssql, url=121.78.116.209:33000/S_KALF
16:18:21.772 INFO  [restartedMain] com.zaxxer.hikari.HikariDataSource - HikariPool-3 - Starting...
16:18:21.806 INFO  [restartedMain] com.zaxxer.hikari.HikariDataSource - HikariPool-3 - Start completed.
16:18:21.806 INFO  [restartedMain] mes.config.TenantDataSourceManager - 테넌트 DataSource 로드 완료: key=UV
16:18:21.807 INFO  [restartedMain] mes.config.TenantDataSourceManager - 전체 재로드 완료 — 성공: 2개 / 전체: 2개
16:18:24.532 WARN  [restartedMain] o.h.d.function.TemplateRenderer - HHH000174: Function template anticipated 4 arguments, but 1 arguments encountered
16:18:24.532 WARN  [restartedMain] o.h.d.function.TemplateRenderer - HHH000174: Function template anticipated 4 arguments, but 1 arguments encountered
16:18:25.235 INFO  [restartedMain] o.s.s.web.DefaultSecurityFilterChain - Will secure any request with [org.springframework.security.web.session.DisableEncodeUrlFilter@40420fbe, org.springframework.security.web.context.request.async.WebAsyncManagerIntegrationFilter@465b8361, org.springframework.security.web.context.SecurityContextPersistenceFilter@10fab14f, org.springframework.security.web.header.HeaderWriterFilter@642a3499, org.springframework.security.web.csrf.CsrfFilter@1dd6e64c, org.springframework.security.web.authentication.logout.LogoutFilter@ade871e, org.springframework.security.web.authentication.UsernamePasswordAuthenticationFilter@42b5bf28, org.springframework.security.web.savedrequest.RequestCacheAwareFilter@5b9dd1d1, org.springframework.security.web.servletapi.SecurityContextHolderAwareRequestFilter@4ed70862, org.springframework.security.web.authentication.AnonymousAuthenticationFilter@2493cbed, org.springframework.security.web.session.SessionManagementFilter@4162fe73, org.springframework.security.web.access.ExceptionTranslationFilter@68f0b150, org.springframework.security.web.access.intercept.FilterSecurityInterceptor@48a1f566]
16:18:25.384 INFO  [restartedMain] o.s.b.a.w.s.WelcomePageHandlerMapping - Adding welcome page template: index
16:18:25.979 WARN  [restartedMain] o.s.b.d.a.OptionalLiveReloadServer - Unable to start LiveReload server
16:18:26.038 INFO  [restartedMain] o.a.coyote.http11.Http11NioProtocol - Starting ProtocolHandler ["http-nio-0.0.0.0-8021"]
16:18:26.061 INFO  [restartedMain] o.s.b.w.e.tomcat.TomcatWebServer - Tomcat started on port(s): 8021 (http) with context path '/sports'
16:18:26.070 INFO  [restartedMain] o.s.s.a.ScheduledAnnotationBeanPostProcessor - No TaskScheduler/ScheduledExecutorService bean found for scheduled processing
16:18:26.078 INFO  [restartedMain] mes.MesApplication - Started MesApplication in 14.343 seconds (JVM running for 15.399)
16:18:26.080 INFO  [restartedMain] mes.config.RedisTestRunner - ========================================
16:18:26.081 INFO  [restartedMain] mes.config.RedisTestRunner - Redis 연결 테스트 시작...
16:18:31.356 INFO  [http-nio-0.0.0.0-8021-exec-2] o.a.c.c.C.[.[localhost].[/sports] - Initializing Spring DispatcherServlet 'dispatcherServlet'
16:18:31.357 INFO  [http-nio-0.0.0.0-8021-exec-2] o.s.web.servlet.DispatcherServlet - Initializing Servlet 'dispatcherServlet'
16:18:31.363 INFO  [http-nio-0.0.0.0-8021-exec-2] o.s.web.servlet.DispatcherServlet - Completed initialization in 6 ms
16:18:44.505 INFO  [SpringApplicationShutdownHook] o.s.o.j.LocalContainerEntityManagerFactoryBean - Closing JPA EntityManagerFactory for persistence unit 'default'
16:18:44.506 INFO  [SpringApplicationShutdownHook] com.zaxxer.hikari.HikariDataSource - HikariPool-1 - Shutdown initiated...
16:18:44.507 INFO  [SpringApplicationShutdownHook] com.zaxxer.hikari.HikariDataSource - HikariPool-1 - Shutdown completed.
